<?xml version="1.0" encoding="UTF-8"?>
<testng-results ignored="0" total="1" passed="1" failed="0" skipped="0">
  <reporter-output>
  </reporter-output>
  <suite started-at="2025-09-09T00:55:53 IST" name="AutomationSuite" finished-at="2025-09-09T00:56:00 IST" duration-ms="6615">
    <groups>
    </groups>
    <test started-at="2025-09-09T00:55:53 IST" name="SampleTests" finished-at="2025-09-09T00:56:00 IST" duration-ms="6615">
      <class name="com.tests.FlightBookingTests">
        <test-method is-config="true" signature="beforeSuite(java.lang.String)[pri:0, instance:com.tests.FlightBookingTests@66f57048]" started-at="2025-09-09T00:55:53 IST" name="beforeSuite" finished-at="2025-09-09T00:55:53 IST" duration-ms="8" status="PASS">
          <params>
            <param index="0">
              <value>
                <![CDATA[PROD]]>
              </value>
            </param>
          </params>
          <reporter-output>
          </reporter-output>
        </test-method> <!-- beforeSuite -->
        <test-method is-config="true" signature="setup(java.lang.String,java.lang.String,java.lang.String)[pri:0, instance:com.tests.FlightBookingTests@66f57048]" started-at="2025-09-09T00:55:53 IST" name="setup" finished-at="2025-09-09T00:55:59 IST" duration-ms="6373" status="PASS">
          <params>
            <param index="0">
              <value>
                <![CDATA[chromium]]>
              </value>
            </param>
            <param index="1">
              <value>
                <![CDATA[false]]>
              </value>
            </param>
            <param index="2">
              <value>
                <![CDATA[false]]>
              </value>
            </param>
          </params>
          <reporter-output>
          </reporter-output>
        </test-method> <!-- setup -->
        <test-method signature="verifyAppLaunch()[pri:0, instance:com.tests.FlightBookingTests@66f57048]" started-at="2025-09-09T00:55:59 IST" name="verifyAppLaunch" finished-at="2025-09-09T00:56:00 IST" duration-ms="79" status="PASS">
          <reporter-output>
          </reporter-output>
        </test-method> <!-- verifyAppLaunch -->
        <test-method is-config="true" signature="tearDown()[pri:0, instance:com.tests.FlightBookingTests@66f57048]" started-at="2025-09-09T00:56:00 IST" name="tearDown" finished-at="2025-09-09T00:56:00 IST" duration-ms="106" status="PASS">
          <reporter-output>
          </reporter-output>
        </test-method> <!-- tearDown -->
        <test-method is-config="true" signature="afterSuite()[pri:0, instance:com.tests.FlightBookingTests@66f57048]" started-at="2025-09-09T00:56:00 IST" name="afterSuite" finished-at="2025-09-09T00:56:00 IST" duration-ms="3" status="FAIL">
          <exception class="java.lang.RuntimeException">
            <message>
              <![CDATA[❌ Failed to send mail]]>
            </message>
            <full-stacktrace>
              <![CDATA[java.lang.RuntimeException: ❌ Failed to send mail
at com.framework.utils.MailUtil.sendReport(MailUtil.java:69)
at com.framework.base.TestBase.afterSuite(TestBase.java:34)
at java.base/jdk.internal.reflect.NativeMethodAccessorImpl.invoke0(Native Method)
at java.base/jdk.internal.reflect.NativeMethodAccessorImpl.invoke(NativeMethodAccessorImpl.java:77)
at java.base/jdk.internal.reflect.DelegatingMethodAccessorImpl.invoke(DelegatingMethodAccessorImpl.java:43)
at java.base/java.lang.reflect.Method.invoke(Method.java:569)
at org.testng.internal.invokers.MethodInvocationHelper.invokeMethod(MethodInvocationHelper.java:141)
at org.testng.internal.invokers.MethodInvocationHelper.invokeMethodConsideringTimeout(MethodInvocationHelper.java:71)
at org.testng.internal.invokers.ConfigInvoker.invokeConfigurationMethod(ConfigInvoker.java:400)
at org.testng.internal.invokers.ConfigInvoker.invokeConfigurations(ConfigInvoker.java:333)
at org.testng.SuiteRunner.privateRun(SuiteRunner.java:386)
at org.testng.SuiteRunner.run(SuiteRunner.java:312)
at org.testng.SuiteRunnerWorker.runSuite(SuiteRunnerWorker.java:52)
at org.testng.SuiteRunnerWorker.run(SuiteRunnerWorker.java:95)
at org.testng.TestNG.runSuitesSequentially(TestNG.java:1274)
at org.testng.TestNG.runSuitesLocally(TestNG.java:1208)
at org.testng.TestNG.runSuites(TestNG.java:1112)
at org.testng.TestNG.run(TestNG.java:1079)
at org.apache.maven.surefire.testng.TestNGExecutor.run(TestNGExecutor.java:308)
at org.apache.maven.surefire.testng.TestNGXmlTestSuite.execute(TestNGXmlTestSuite.java:71)
at org.apache.maven.surefire.testng.TestNGProvider.invoke(TestNGProvider.java:113)
at org.apache.maven.surefire.booter.ForkedBooter.runSuitesInProcess(ForkedBooter.java:385)
at org.apache.maven.surefire.booter.ForkedBooter.execute(ForkedBooter.java:162)
at org.apache.maven.surefire.booter.ForkedBooter.run(ForkedBooter.java:507)
at org.apache.maven.surefire.booter.ForkedBooter.main(ForkedBooter.java:495)
Caused by: java.lang.NullPointerException
at java.base/java.util.concurrent.ConcurrentHashMap.putVal(ConcurrentHashMap.java:1011)
at java.base/java.util.concurrent.ConcurrentHashMap.put(ConcurrentHashMap.java:1006)
at java.base/java.util.Properties.put(Properties.java:1301)
at com.framework.utils.MailUtil.sendReport(MailUtil.java:27)
... 24 more
]]>
            </full-stacktrace>
          </exception> <!-- java.lang.RuntimeException -->
          <reporter-output>
          </reporter-output>
        </test-method> <!-- afterSuite -->
      </class> <!-- com.tests.FlightBookingTests -->
    </test> <!-- SampleTests -->
  </suite> <!-- AutomationSuite -->
</testng-results>
